# JRE version: OpenJDK Runtime Environment (17.0.6) (build 17.0.6+0-b2043.56-10027231)
# Java VM: OpenJDK 64-Bit Server VM (17.0.6+0-b2043.56-10027231, mixed mode, tiered, compressed oops, compressed class ptrs, g1 gc, windows-amd64)
GC Precious Log:
 CPUs: 8 total, 8 available
 Memory: 6082M
 Large Page Support: Disabled
 NUMA Support: Disabled
 Compressed Oops: Enabled (32-bit)
 Heap Region Size: 1M
 Heap Min Capacity: 8M
 Heap Initial Capacity: 96M
 Heap Max Capacity: 2G
 Pre-touch: Disabled
 Parallel Workers: 8
 Concurrent Workers: 2
 Concurrent Refinement Workers: 8
 Periodic GC: Disabled
Heap:
 garbage-first heap   total 365568K, used 137406K [0x0000000080000000, 0x0000000100000000)
  region size 1024K, 10 young (10240K), 10 survivors (10240K)
 Metaspace       used 111079K, committed 111936K, reserved 1146880K
  class space    used 15717K, committed 16128K, reserved 1048576K
GC Heap History (20 events):
Event: 14.479 GC heap after
{Heap after GC invocations=36 (full 0):
 garbage-first heap   total 132096K, used 74256K [0x0000000080000000, 0x0000000100000000)
  region size 1024K, 1 young (1024K), 1 survivors (1024K)
 Metaspace       used 89930K, committed 90624K, reserved 1130496K
  class space    used 12399K, committed 12736K, reserved 1048576K
}
Event: 14.835 GC heap before
{Heap before GC invocations=36 (full 0):
 garbage-first heap   total 132096K, used 104976K [0x0000000080000000, 0x0000000100000000)
  region size 1024K, 32 young (32768K), 1 survivors (1024K)
 Metaspace       used 90132K, committed 90816K, reserved 1130496K
  class space    used 12407K, committed 12736K, reserved 1048576K
}
Event: 14.838 GC heap after
{Heap after GC invocations=37 (full 0):
 garbage-first heap   total 132096K, used 75355K [0x0000000080000000, 0x0000000100000000)
  region size 1024K, 3 young (3072K), 3 survivors (3072K)
 Metaspace       used 90132K, committed 90816K, reserved 1130496K
  class space    used 12407K, committed 12736K, reserved 1048576K
}
Event: 15.522 GC heap before
{Heap before GC invocations=38 (full 0):
 garbage-first heap   total 132096K, used 107099K [0x0000000080000000, 0x0000000100000000)
  region size 1024K, 34 young (34816K), 3 survivors (3072K)
 Metaspace       used 91786K, committed 92544K, reserved 1130496K
  class space    used 12569K, committed 12928K, reserved 1048576K
}
Event: 15.526 GC heap after
{Heap after GC invocations=39 (full 0):
 garbage-first heap   total 132096K, used 77385K [0x0000000080000000, 0x0000000100000000)
  region size 1024K, 5 young (5120K), 5 survivors (5120K)
 Metaspace       used 91786K, committed 92544K, reserved 1130496K
  class space    used 12569K, committed 12928K, reserved 1048576K
}
Event: 15.537 GC heap before
{Heap before GC invocations=39 (full 0):
 garbage-first heap   total 132096K, used 78409K [0x0000000080000000, 0x0000000100000000)
  region size 1024K, 6 young (6144K), 5 survivors (5120K)
 Metaspace       used 91798K, committed 92544K, reserved 1130496K
  class space    used 12569K, committed 12928K, reserved 1048576K
}
Event: 15.541 GC heap after
{Heap after GC invocations=40 (full 0):
 garbage-first heap   total 132096K, used 77692K [0x0000000080000000, 0x0000000100000000)
  region size 1024K, 1 young (1024K), 1 survivors (1024K)
 Metaspace       used 91798K, committed 92544K, reserved 1130496K
  class space    used 12569K, committed 12928K, reserved 1048576K
}
Event: 15.936 GC heap before
{Heap before GC invocations=40 (full 0):
 garbage-first heap   total 132096K, used 107388K [0x0000000080000000, 0x0000000100000000)
  region size 1024K, 31 young (31744K), 1 survivors (1024K)
 Metaspace       used 92158K, committed 92864K, reserved 1130496K
  class space    used 12592K, committed 12928K, reserved 1048576K
}
Event: 15.940 GC heap after
{Heap after GC invocations=41 (full 0):
 garbage-first heap   total 132096K, used 78974K [0x0000000080000000, 0x0000000100000000)
  region size 1024K, 3 young (3072K), 3 survivors (3072K)
 Metaspace       used 92158K, committed 92864K, reserved 1130496K
  class space    used 12592K, committed 12928K, reserved 1048576K
}
Event: 16.246 GC heap before
{Heap before GC invocations=42 (full 0):
 garbage-first heap   total 148480K, used 107646K [0x0000000080000000, 0x0000000100000000)
  region size 1024K, 32 young (32768K), 3 survivors (3072K)
 Metaspace       used 93314K, committed 94016K, reserved 1130496K
  class space    used 12783K, committed 13120K, reserved 1048576K
}
Event: 16.252 GC heap after
{Heap after GC invocations=43 (full 0):
 garbage-first heap   total 148480K, used 82564K [0x0000000080000000, 0x0000000100000000)
  region size 1024K, 4 young (4096K), 4 survivors (4096K)
 Metaspace       used 93314K, committed 94016K, reserved 1130496K
  class space    used 12783K, committed 13120K, reserved 1048576K
}
Event: 16.262 GC heap before
{Heap before GC invocations=43 (full 0):
 garbage-first heap   total 148480K, used 85636K [0x0000000080000000, 0x0000000100000000)
  region size 1024K, 7 young (7168K), 4 survivors (4096K)
 Metaspace       used 93337K, committed 94016K, reserved 1130496K
  class space    used 12788K, committed 13120K, reserved 1048576K
}
Event: 16.267 GC heap after
{Heap after GC invocations=44 (full 0):
 garbage-first heap   total 365568K, used 83212K [0x0000000080000000, 0x0000000100000000)
  region size 1024K, 1 young (1024K), 1 survivors (1024K)
 Metaspace       used 93337K, committed 94016K, reserved 1130496K
  class space    used 12788K, committed 13120K, reserved 1048576K
}
Event: 17.789 GC heap before
{Heap before GC invocations=44 (full 0):
 garbage-first heap   total 365568K, used 274700K [0x0000000080000000, 0x0000000100000000)
  region size 1024K, 189 young (193536K), 1 survivors (1024K)
 Metaspace       used 105064K, committed 105728K, reserved 1146880K
  class space    used 14817K, committed 15104K, reserved 1048576K
}
Event: 17.841 GC heap after
{Heap after GC invocations=45 (full 0):
 garbage-first heap   total 365568K, used 112151K [0x0000000080000000, 0x0000000100000000)
  region size 1024K, 24 young (24576K), 24 survivors (24576K)
 Metaspace       used 105064K, committed 105728K, reserved 1146880K
  class space    used 14817K, committed 15104K, reserved 1048576K
}
Event: 18.860 GC heap before
{Heap before GC invocations=45 (full 0):
 garbage-first heap   total 365568K, used 245271K [0x0000000080000000, 0x0000000100000000)
  region size 1024K, 155 young (158720K), 24 survivors (24576K)
 Metaspace       used 108427K, committed 109120K, reserved 1146880K
  class space    used 15343K, committed 15680K, reserved 1048576K
}
Event: 18.899 GC heap after
{Heap after GC invocations=46 (full 0):
 garbage-first heap   total 365568K, used 128802K [0x0000000080000000, 0x0000000100000000)
  region size 1024K, 17 young (17408K), 17 survivors (17408K)
 Metaspace       used 108427K, committed 109120K, reserved 1146880K
  class space    used 15343K, committed 15680K, reserved 1048576K
}
Event: 19.486 GC heap before
{Heap before GC invocations=46 (full 0):
 garbage-first heap   total 365568K, used 259874K [0x0000000080000000, 0x0000000100000000)
  region size 1024K, 146 young (149504K), 17 survivors (17408K)
 Metaspace       used 110552K, committed 111360K, reserved 1146880K
  class space    used 15681K, committed 16064K, reserved 1048576K
}
Event: 19.508 GC heap after
{Heap after GC invocations=47 (full 0):
 garbage-first heap   total 365568K, used 133924K [0x0000000080000000, 0x0000000100000000)
  region size 1024K, 6 young (6144K), 6 survivors (6144K)
 Metaspace       used 110552K, committed 111360K, reserved 1146880K
  class space    used 15681K, committed 16064K, reserved 1048576K
}
Event: 20.217 GC heap before
{Heap before GC invocations=47 (full 0):
 garbage-first heap   total 365568K, used 276260K [0x0000000080000000, 0x0000000100000000)
  region size 1024K, 146 young (149504K), 6 survivors (6144K)
 Metaspace       used 111079K, committed 111936K, reserved 1146880K
  class space    used 15717K, committed 16128K, reserved 1048576K
}

