# JRE version: OpenJDK Runtime Environment (17.0.6) (build 17.0.6+0-b2043.56-10027231)
# Java VM: OpenJDK 64-Bit Server VM (17.0.6+0-b2043.56-10027231, mixed mode, tiered, compressed oops, compressed class ptrs, g1 gc, windows-amd64)
GC Precious Log:
 CPUs: 8 total, 8 available
 Memory: 6082M
 Large Page Support: Disabled
 NUMA Support: Disabled
 Compressed Oops: Enabled (32-bit)
 Heap Region Size: 1M
 Heap Min Capacity: 8M
 Heap Initial Capacity: 96M
 Heap Max Capacity: 2G
 Pre-touch: Disabled
 Parallel Workers: 8
 Concurrent Workers: 2
 Concurrent Refinement Workers: 8
 Periodic GC: Disabled
Heap:
 garbage-first heap   total 358400K, used 182272K [0x0000000080000000, 0x0000000100000000)
  region size 1024K, 14 young (14336K), 14 survivors (14336K)
 Metaspace       used 108110K, committed 108800K, reserved 1146880K
  class space    used 15163K, committed 15488K, reserved 1048576K
GC Heap History (20 events):
Event: 17.730 GC heap after
{Heap after GC invocations=29 (full 0):
 garbage-first heap   total 169984K, used 57168K [0x0000000080000000, 0x0000000100000000)
  region size 1024K, 1 young (1024K), 1 survivors (1024K)
 Metaspace       used 74633K, committed 75200K, reserved 1122304K
  class space    used 9909K, committed 10176K, reserved 1048576K
}
Event: 19.127 GC heap before
{Heap before GC invocations=29 (full 0):
 garbage-first heap   total 169984K, used 126800K [0x0000000080000000, 0x0000000100000000)
  region size 1024K, 69 young (70656K), 1 survivors (1024K)
 Metaspace       used 82330K, committed 83008K, reserved 1122304K
  class space    used 11198K, committed 11520K, reserved 1048576K
}
Event: 19.133 GC heap after
{Heap after GC invocations=30 (full 0):
 garbage-first heap   total 169984K, used 60867K [0x0000000080000000, 0x0000000100000000)
  region size 1024K, 5 young (5120K), 5 survivors (5120K)
 Metaspace       used 82330K, committed 83008K, reserved 1122304K
  class space    used 11198K, committed 11520K, reserved 1048576K
}
Event: 20.199 GC heap before
{Heap before GC invocations=30 (full 0):
 garbage-first heap   total 169984K, used 130499K [0x0000000080000000, 0x0000000100000000)
  region size 1024K, 73 young (74752K), 5 survivors (5120K)
 Metaspace       used 87933K, committed 88576K, reserved 1130496K
  class space    used 11988K, committed 12288K, reserved 1048576K
}
Event: 20.210 GC heap after
{Heap after GC invocations=31 (full 0):
 garbage-first heap   total 169984K, used 68311K [0x0000000080000000, 0x0000000100000000)
  region size 1024K, 10 young (10240K), 10 survivors (10240K)
 Metaspace       used 87933K, committed 88576K, reserved 1130496K
  class space    used 11988K, committed 12288K, reserved 1048576K
}
Event: 21.092 GC heap before
{Heap before GC invocations=31 (full 0):
 garbage-first heap   total 169984K, used 130775K [0x0000000080000000, 0x0000000100000000)
  region size 1024K, 72 young (73728K), 10 survivors (10240K)
 Metaspace       used 90013K, committed 90752K, reserved 1130496K
  class space    used 12393K, committed 12736K, reserved 1048576K
}
Event: 21.107 GC heap after
{Heap after GC invocations=32 (full 0):
 garbage-first heap   total 169984K, used 75750K [0x0000000080000000, 0x0000000100000000)
  region size 1024K, 8 young (8192K), 8 survivors (8192K)
 Metaspace       used 90013K, committed 90752K, reserved 1130496K
  class space    used 12393K, committed 12736K, reserved 1048576K
}
Event: 21.939 GC heap before
{Heap before GC invocations=32 (full 0):
 garbage-first heap   total 169984K, used 133094K [0x0000000080000000, 0x0000000100000000)
  region size 1024K, 64 young (65536K), 8 survivors (8192K)
 Metaspace       used 91993K, committed 92672K, reserved 1130496K
  class space    used 12578K, committed 12928K, reserved 1048576K
}
Event: 21.950 GC heap after
{Heap after GC invocations=33 (full 0):
 garbage-first heap   total 169984K, used 79974K [0x0000000080000000, 0x0000000100000000)
  region size 1024K, 5 young (5120K), 5 survivors (5120K)
 Metaspace       used 91993K, committed 92672K, reserved 1130496K
  class space    used 12578K, committed 12928K, reserved 1048576K
}
Event: 22.381 GC heap before
{Heap before GC invocations=33 (full 0):
 garbage-first heap   total 169984K, used 134246K [0x0000000080000000, 0x0000000100000000)
  region size 1024K, 59 young (60416K), 5 survivors (5120K)
 Metaspace       used 93295K, committed 94016K, reserved 1130496K
  class space    used 12772K, committed 13120K, reserved 1048576K
}
Event: 22.388 GC heap after
{Heap after GC invocations=34 (full 0):
 garbage-first heap   total 169984K, used 86797K [0x0000000080000000, 0x0000000100000000)
  region size 1024K, 8 young (8192K), 8 survivors (8192K)
 Metaspace       used 93295K, committed 94016K, reserved 1130496K
  class space    used 12772K, committed 13120K, reserved 1048576K
}
Event: 22.458 GC heap before
{Heap before GC invocations=34 (full 0):
 garbage-first heap   total 169984K, used 136973K [0x0000000080000000, 0x0000000100000000)
  region size 1024K, 56 young (57344K), 8 survivors (8192K)
 Metaspace       used 93781K, committed 94528K, reserved 1138688K
  class space    used 12841K, committed 13184K, reserved 1048576K
}
Event: 22.470 GC heap after
{Heap after GC invocations=35 (full 0):
 garbage-first heap   total 358400K, used 98743K [0x0000000080000000, 0x0000000100000000)
  region size 1024K, 7 young (7168K), 7 survivors (7168K)
 Metaspace       used 93781K, committed 94528K, reserved 1138688K
  class space    used 12841K, committed 13184K, reserved 1048576K
}
Event: 23.386 GC heap before
{Heap before GC invocations=35 (full 0):
 garbage-first heap   total 358400K, used 276919K [0x0000000080000000, 0x0000000100000000)
  region size 1024K, 182 young (186368K), 7 survivors (7168K)
 Metaspace       used 101070K, committed 101824K, reserved 1138688K
  class space    used 13940K, committed 14272K, reserved 1048576K
}
Event: 23.449 GC heap after
{Heap after GC invocations=36 (full 0):
 garbage-first heap   total 358400K, used 129238K [0x0000000080000000, 0x0000000100000000)
  region size 1024K, 23 young (23552K), 23 survivors (23552K)
 Metaspace       used 101070K, committed 101824K, reserved 1138688K
  class space    used 13940K, committed 14272K, reserved 1048576K
}
Event: 23.802 GC heap before
{Heap before GC invocations=36 (full 0):
 garbage-first heap   total 358400K, used 249046K [0x0000000080000000, 0x0000000100000000)
  region size 1024K, 141 young (144384K), 23 survivors (23552K)
 Metaspace       used 103680K, committed 104448K, reserved 1146880K
  class space    used 14438K, committed 14784K, reserved 1048576K
}
Event: 23.842 GC heap after
{Heap after GC invocations=37 (full 0):
 garbage-first heap   total 358400K, used 148069K [0x0000000080000000, 0x0000000100000000)
  region size 1024K, 18 young (18432K), 18 survivors (18432K)
 Metaspace       used 103680K, committed 104448K, reserved 1146880K
  class space    used 14438K, committed 14784K, reserved 1048576K
}
Event: 24.207 GC heap before
{Heap before GC invocations=37 (full 0):
 garbage-first heap   total 358400K, used 261733K [0x0000000080000000, 0x0000000100000000)
  region size 1024K, 129 young (132096K), 18 survivors (18432K)
 Metaspace       used 106185K, committed 106944K, reserved 1146880K
  class space    used 14858K, committed 15168K, reserved 1048576K
}
Event: 24.238 GC heap after
{Heap after GC invocations=38 (full 0):
 garbage-first heap   total 358400K, used 166912K [0x0000000080000000, 0x0000000100000000)
  region size 1024K, 17 young (17408K), 17 survivors (17408K)
 Metaspace       used 106185K, committed 106944K, reserved 1146880K
  class space    used 14858K, committed 15168K, reserved 1048576K
}
Event: 24.785 GC heap before
{Heap before GC invocations=38 (full 0):
 garbage-first heap   total 358400K, used 273408K [0x0000000080000000, 0x0000000100000000)
  region size 1024K, 121 young (123904K), 17 survivors (17408K)
 Metaspace       used 108110K, committed 108800K, reserved 1146880K
  class space    used 15163K, committed 15488K, reserved 1048576K
}

